1484747116701	geckodriver	INFO	Listening on 127.0.0.1:8878
1484747117189	mozprofile::profile	INFO	Using profile path C:\Users\sbor\AppData\Local\Temp\rust_mozprofile.YkgeyQAaN7zy
1484747117204	geckodriver::marionette	INFO	Starting browser C:\Program Files (x86)\Mozilla Firefox\firefox.exe
1484747117215	geckodriver::marionette	INFO	Connecting to Marionette on localhost:8882
1484747117477	addons.manager	DEBUG	Application has been upgraded
1484747117519	addons.manager	DEBUG	Loaded provider scope for resource://gre/modules/addons/XPIProvider.jsm: ["XPIProvider"]
1484747117522	addons.manager	DEBUG	Loaded provider scope for resource://gre/modules/LightweightThemeManager.jsm: ["LightweightThemeManager"]
1484747117529	addons.manager	DEBUG	Loaded provider scope for resource://gre/modules/addons/GMPProvider.jsm
1484747117532	addons.manager	DEBUG	Loaded provider scope for resource://gre/modules/addons/PluginProvider.jsm
1484747117533	addons.manager	DEBUG	Starting provider: XPIProvider
1484747117533	addons.xpi	DEBUG	startup
1484747117535	addons.xpi	INFO	SystemAddonInstallLocation directory is missing
1484747117537	addons.xpi	INFO	Mapping aushelper@mozilla.org to C:\Program Files (x86)\Mozilla Firefox\browser\features\aushelper@mozilla.org.xpi
1484747117538	addons.xpi	INFO	Mapping e10srollout@mozilla.org to C:\Program Files (x86)\Mozilla Firefox\browser\features\e10srollout@mozilla.org.xpi
1484747117538	addons.xpi	INFO	Mapping firefox@getpocket.com to C:\Program Files (x86)\Mozilla Firefox\browser\features\firefox@getpocket.com.xpi
1484747117539	addons.xpi	INFO	Mapping webcompat@mozilla.org to C:\Program Files (x86)\Mozilla Firefox\browser\features\webcompat@mozilla.org.xpi
1484747117540	addons.xpi	INFO	Mapping {972ce4c6-7e08-4474-a285-3208198ce6fd} to C:\Program Files (x86)\Mozilla Firefox\browser\extensions\{972ce4c6-7e08-4474-a285-3208198ce6fd}.xpi
1484747117541	addons.xpi	DEBUG	checkForChanges
1484747117541	addons.xpi	DEBUG	Loaded add-on state from prefs: {}
1484747117543	addons.xpi	DEBUG	New add-on aushelper@mozilla.org in app-system-defaults
1484747117544	addons.xpi	DEBUG	getModTime: Recursive scan of aushelper@mozilla.org
1484747117545	addons.xpi	DEBUG	New add-on e10srollout@mozilla.org in app-system-defaults
1484747117545	addons.xpi	DEBUG	getModTime: Recursive scan of e10srollout@mozilla.org
1484747117546	addons.xpi	DEBUG	New add-on firefox@getpocket.com in app-system-defaults
1484747117547	addons.xpi	DEBUG	getModTime: Recursive scan of firefox@getpocket.com
1484747117548	addons.xpi	DEBUG	New add-on webcompat@mozilla.org in app-system-defaults
1484747117548	addons.xpi	DEBUG	getModTime: Recursive scan of webcompat@mozilla.org
1484747117549	addons.xpi	DEBUG	New add-on {972ce4c6-7e08-4474-a285-3208198ce6fd} in app-global
1484747117550	addons.xpi	DEBUG	getModTime: Recursive scan of {972ce4c6-7e08-4474-a285-3208198ce6fd}
1484747117551	addons.xpi	DEBUG	getInstallState changed: true, state: {"app-system-defaults":{"aushelper@mozilla.org":{"d":"C:\\Program Files (x86)\\Mozilla Firefox\\browser\\features\\aushelper@mozilla.org.xpi","st":1482129825266},"e10srollout@mozilla.org":{"d":"C:\\Program Files (x86)\\Mozilla Firefox\\browser\\features\\e10srollout@mozilla.org.xpi","st":1482129825256},"firefox@getpocket.com":{"d":"C:\\Program Files (x86)\\Mozilla Firefox\\browser\\features\\firefox@getpocket.com.xpi","st":1482129825246},"webcompat@mozilla.org":{"d":"C:\\Program Files (x86)\\Mozilla Firefox\\browser\\features\\webcompat@mozilla.org.xpi","st":1482129825236}},"app-global":{"{972ce4c6-7e08-4474-a285-3208198ce6fd}":{"d":"C:\\Program Files (x86)\\Mozilla Firefox\\browser\\extensions\\{972ce4c6-7e08-4474-a285-3208198ce6fd}.xpi","st":1482129825266}}}
1484747117562	addons.xpi-utils	DEBUG	Opening XPI database C:\Users\sbor\AppData\Local\Temp\rust_mozprofile.YkgeyQAaN7zy\extensions.json
1484747117565	addons.xpi-utils	DEBUG	New add-on aushelper@mozilla.org installed in app-system-defaults
*** Blocklist::_loadBlocklistFromFile: blocklist is disabled
1484747117579	DeferredSave.extensions.json	DEBUG	Save changes
1484747117580	addons.xpi-utils	DEBUG	New add-on e10srollout@mozilla.org installed in app-system-defaults
1484747117584	DeferredSave.extensions.json	DEBUG	Starting timer
1484747117585	DeferredSave.extensions.json	DEBUG	Save changes
1484747117585	addons.xpi-utils	DEBUG	New add-on firefox@getpocket.com installed in app-system-defaults
1484747117595	DeferredSave.extensions.json	DEBUG	Save changes
1484747117595	addons.xpi-utils	DEBUG	New add-on webcompat@mozilla.org installed in app-system-defaults
1484747117602	DeferredSave.extensions.json	DEBUG	Save changes
1484747117603	addons.xpi-utils	DEBUG	New add-on {972ce4c6-7e08-4474-a285-3208198ce6fd} installed in app-global
1484747117609	DeferredSave.extensions.json	DEBUG	Save changes
1484747117610	addons.manager	DEBUG	Registering startup change 'installed' for aushelper@mozilla.org
1484747117620	addons.xpi	DEBUG	Loading bootstrap scope from C:\Program Files (x86)\Mozilla Firefox\browser\features\aushelper@mozilla.org.xpi
1484747117628	addons.xpi	DEBUG	Calling bootstrap method install on aushelper@mozilla.org version 1.0
1484747117628	addons.xpi-utils	DEBUG	Make addon app-system-defaults:aushelper@mozilla.org visible
1484747117628	DeferredSave.extensions.json	DEBUG	Save changes
1484747117630	addons.manager	DEBUG	Registering startup change 'installed' for e10srollout@mozilla.org
1484747117630	addons.xpi	DEBUG	Loading bootstrap scope from C:\Program Files (x86)\Mozilla Firefox\browser\features\e10srollout@mozilla.org.xpi
1484747117645	addons.xpi	DEBUG	Calling bootstrap method install on e10srollout@mozilla.org version 1.5
1484747117646	addons.xpi-utils	DEBUG	Make addon app-system-defaults:e10srollout@mozilla.org visible
1484747117647	DeferredSave.extensions.json	DEBUG	Save changes
1484747117647	addons.manager	DEBUG	Registering startup change 'installed' for firefox@getpocket.com
1484747117648	addons.xpi	DEBUG	Loading bootstrap scope from C:\Program Files (x86)\Mozilla Firefox\browser\features\firefox@getpocket.com.xpi
1484747117655	addons.xpi	DEBUG	Calling bootstrap method install on firefox@getpocket.com version 1.0.5
1484747117655	addons.xpi-utils	DEBUG	Make addon app-system-defaults:firefox@getpocket.com visible
1484747117655	DeferredSave.extensions.json	DEBUG	Save changes
1484747117656	addons.manager	DEBUG	Registering startup change 'installed' for webcompat@mozilla.org
1484747117656	addons.xpi	DEBUG	Loading bootstrap scope from C:\Program Files (x86)\Mozilla Firefox\browser\features\webcompat@mozilla.org.xpi
1484747117660	addons.xpi	DEBUG	Calling bootstrap method install on webcompat@mozilla.org version 1.0
1484747117660	addons.xpi-utils	DEBUG	Make addon app-system-defaults:webcompat@mozilla.org visible
1484747117660	DeferredSave.extensions.json	DEBUG	Save changes
1484747117661	addons.xpi-utils	DEBUG	Make addon app-global:{972ce4c6-7e08-4474-a285-3208198ce6fd} visible
1484747117661	DeferredSave.extensions.json	DEBUG	Save changes
1484747117661	addons.xpi	DEBUG	Updating XPIState for {"id":"aushelper@mozilla.org","syncGUID":"{c545e598-f1a9-49dc-a47d-5f7f83e1afc8}","location":"app-system-defaults","version":"1.0","type":"extension","internalName":null,"updateURL":null,"updateKey":null,"optionsURL":null,"optionsType":null,"aboutURL":null,"icons":{},"iconURL":null,"icon64URL":null,"defaultLocale":{"name":"Application Update Service Helper","description":"Sets value(s) in the update url based on custom checks.","creator":null,"homepageURL":null},"visible":true,"active":true,"userDisabled":false,"appDisabled":false,"descriptor":"C:\\Program Files (x86)\\Mozilla Firefox\\browser\\features\\aushelper@mozilla.org.xpi","installDate":1482129825266,"updateDate":1482129825266,"applyBackgroundUpdates":1,"bootstrap":true,"skinnable":false,"size":5975,"sourceURI":null,"releaseNotesURI":null,"softDisabled":false,"foreignInstall":false,"hasBinaryComponents":false,"strictCompatibility":false,"locales":[],"targetApplications":[{"id":"{ec8030f7-c20a-464f-9b0e-13a3a9e97384}","minVersion":"50.1.0","maxVersion":"50.*"}],"targetPlatforms":[],"multiprocessCompatible":true,"seen":true}
1484747117661	addons.xpi	DEBUG	getModTime: Recursive scan of aushelper@mozilla.org
1484747117662	addons.xpi	DEBUG	Updating XPIState for {"id":"e10srollout@mozilla.org","syncGUID":"{fc7de4e4-4b71-4ac5-a4e0-6f6eb3a23d34}","location":"app-system-defaults","version":"1.5","type":"extension","internalName":null,"updateURL":null,"updateKey":null,"optionsURL":null,"optionsType":null,"aboutURL":null,"icons":{},"iconURL":null,"icon64URL":null,"defaultLocale":{"name":"Multi-process staged rollout","description":"Staged rollout of Firefox multi-process feature.","creator":null,"homepageURL":null},"visible":true,"active":true,"userDisabled":false,"appDisabled":false,"descriptor":"C:\\Program Files (x86)\\Mozilla Firefox\\browser\\features\\e10srollout@mozilla.org.xpi","installDate":1482129825256,"updateDate":1482129825256,"applyBackgroundUpdates":1,"bootstrap":true,"skinnable":false,"size":7210,"sourceURI":null,"releaseNotesURI":null,"softDisabled":false,"foreignInstall":false,"hasBinaryComponents":false,"strictCompatibility":false,"locales":[],"targetApplications":[{"id":"{ec8030f7-c20a-464f-9b0e-13a3a9e97384}","minVersion":"50.1.0","maxVersion":"50.*"}],"targetPlatforms":[],"multiprocessCompatible":false,"seen":true}
1484747117662	addons.xpi	DEBUG	getModTime: Recursive scan of e10srollout@mozilla.org
1484747117664	addons.xpi	DEBUG	Updating XPIState for {"id":"firefox@getpocket.com","syncGUID":"{fad96682-100c-4f76-813b-27629366e53b}","location":"app-system-defaults","version":"1.0.5","type":"extension","internalName":null,"updateURL":null,"updateKey":null,"optionsURL":null,"optionsType":null,"aboutURL":null,"icons":{},"iconURL":null,"icon64URL":null,"defaultLocale":{"name":"Pocket","description":"When you find something you want to view later, put it in Pocket.","creator":null,"homepageURL":null},"visible":true,"active":true,"userDisabled":false,"appDisabled":false,"descriptor":"C:\\Program Files (x86)\\Mozilla Firefox\\browser\\features\\firefox@getpocket.com.xpi","installDate":1482129825246,"updateDate":1482129825246,"applyBackgroundUpdates":1,"bootstrap":true,"skinnable":false,"size":917398,"sourceURI":null,"releaseNotesURI":null,"softDisabled":false,"foreignInstall":false,"hasBinaryComponents":false,"strictCompatibility":false,"locales":[],"targetApplications":[{"id":"{ec8030f7-c20a-464f-9b0e-13a3a9e97384}","minVersion":"50.1.0","maxVersion":"50.*"}],"targetPlatforms":[],"multiprocessCompatible":false,"seen":true}
1484747117664	addons.xpi	DEBUG	getModTime: Recursive scan of firefox@getpocket.com
1484747117665	addons.xpi	DEBUG	Updating XPIState for {"id":"webcompat@mozilla.org","syncGUID":"{2ca6fa69-c893-40e8-9efe-b0542a1bee52}","location":"app-system-defaults","version":"1.0","type":"extension","internalName":null,"updateURL":null,"updateKey":null,"optionsURL":null,"optionsType":null,"aboutURL":null,"icons":{},"iconURL":null,"icon64URL":null,"defaultLocale":{"name":"Web Compat","description":"Urgent post-release fixes for web compatibility.","creator":null,"homepageURL":null},"visible":true,"active":true,"userDisabled":false,"appDisabled":false,"descriptor":"C:\\Program Files (x86)\\Mozilla Firefox\\browser\\features\\webcompat@mozilla.org.xpi","installDate":1482129825236,"updateDate":1482129825236,"applyBackgroundUpdates":1,"bootstrap":true,"skinnable":false,"size":1502,"sourceURI":null,"releaseNotesURI":null,"softDisabled":false,"foreignInstall":false,"hasBinaryComponents":false,"strictCompatibility":false,"locales":[],"targetApplications":[{"id":"{ec8030f7-c20a-464f-9b0e-13a3a9e97384}","minVersion":"50.1.0","maxVersion":"50.*"}],"targetPlatforms":[],"multiprocessCompatible":false,"seen":true}
1484747117665	addons.xpi	DEBUG	getModTime: Recursive scan of webcompat@mozilla.org
1484747117666	addons.xpi	DEBUG	Updating XPIState for {"id":"{972ce4c6-7e08-4474-a285-3208198ce6fd}","syncGUID":"{03cee5c5-a872-47ed-9812-4e4a4eec11fa}","location":"app-global","version":"50.1.0","type":"theme","internalName":"classic/1.0","updateURL":null,"updateKey":null,"optionsURL":null,"optionsType":null,"aboutURL":null,"icons":{"32":"icon.png","48":"icon.png"},"iconURL":null,"icon64URL":null,"defaultLocale":{"name":"Default","description":"The default theme.","creator":"Mozilla","homepageURL":null,"contributors":["Mozilla Contributors"]},"visible":true,"active":true,"userDisabled":false,"appDisabled":false,"descriptor":"C:\\Program Files (x86)\\Mozilla Firefox\\browser\\extensions\\{972ce4c6-7e08-4474-a285-3208198ce6fd}.xpi","installDate":1482129825266,"updateDate":1482129825266,"applyBackgroundUpdates":1,"skinnable":true,"size":21152,"sourceURI":null,"releaseNotesURI":null,"softDisabled":false,"foreignInstall":false,"hasBinaryComponents":false,"strictCompatibility":true,"locales":[],"targetApplications":[{"id":"{ec8030f7-c20a-464f-9b0e-13a3a9e97384}","minVersion":"50.1.0","maxVersion":"50.1.0"}],"targetPlatforms":[],"seen":true}
1484747117666	addons.xpi	DEBUG	getModTime: Recursive scan of {972ce4c6-7e08-4474-a285-3208198ce6fd}
1484747117668	DeferredSave.extensions.json	DEBUG	Save changes
1484747117668	addons.xpi	DEBUG	Updating database with changes to installed add-ons
1484747117668	addons.xpi-utils	DEBUG	Updating add-on states
1484747117669	addons.xpi-utils	DEBUG	Writing add-ons list
1484747117674	addons.xpi	DEBUG	Registering manifest for C:\Program Files (x86)\Mozilla Firefox\browser\features\aushelper@mozilla.org.xpi
1484747117675	addons.xpi	DEBUG	Calling bootstrap method startup on aushelper@mozilla.org version 1.0
1484747117678	addons.xpi	DEBUG	Registering manifest for C:\Program Files (x86)\Mozilla Firefox\browser\features\e10srollout@mozilla.org.xpi
1484747117679	addons.xpi	DEBUG	Calling bootstrap method startup on e10srollout@mozilla.org version 1.5
1484747117679	addons.xpi	DEBUG	Registering manifest for C:\Program Files (x86)\Mozilla Firefox\browser\features\firefox@getpocket.com.xpi
1484747117681	addons.xpi	DEBUG	Calling bootstrap method startup on firefox@getpocket.com version 1.0.5
1484747117683	addons.xpi	DEBUG	Registering manifest for C:\Program Files (x86)\Mozilla Firefox\browser\features\webcompat@mozilla.org.xpi
1484747117683	addons.xpi	DEBUG	Calling bootstrap method startup on webcompat@mozilla.org version 1.0
1484747117686	addons.manager	DEBUG	Registering shutdown blocker for XPIProvider
1484747117687	addons.manager	DEBUG	Provider finished startup: XPIProvider
1484747117687	addons.manager	DEBUG	Starting provider: LightweightThemeManager
1484747117687	addons.manager	DEBUG	Registering shutdown blocker for LightweightThemeManager
1484747117687	addons.manager	DEBUG	Provider finished startup: LightweightThemeManager
1484747117688	addons.manager	DEBUG	Starting provider: GMPProvider
1484747117700	addons.manager	DEBUG	Registering shutdown blocker for GMPProvider
1484747117700	addons.manager	DEBUG	Provider finished startup: GMPProvider
1484747117700	addons.manager	DEBUG	Starting provider: PluginProvider
1484747117700	addons.manager	DEBUG	Registering shutdown blocker for PluginProvider
1484747117701	addons.manager	DEBUG	Provider finished startup: PluginProvider
1484747117701	addons.manager	DEBUG	Completed startup sequence
1484747117984	Marionette	INFO	Listening on port 8882
1484747118232	addons.manager	DEBUG	Starting provider: <unnamed-provider>
1484747118232	addons.manager	DEBUG	Registering shutdown blocker for <unnamed-provider>
1484747118232	addons.manager	DEBUG	Provider finished startup: <unnamed-provider>
1484747118269	addons.manager	DEBUG	Starting provider: PreviousExperimentProvider
1484747118270	addons.manager	DEBUG	Registering shutdown blocker for PreviousExperimentProvider
1484747118270	addons.manager	DEBUG	Provider finished startup: PreviousExperimentProvider
1484747118274	DeferredSave.extensions.json	DEBUG	Starting write
1484747118578	DeferredSave.extensions.json	DEBUG	Write succeeded
1484747118579	addons.xpi-utils	DEBUG	XPI Database saved, setting schema version preference to 17
[Child 4444] ###!!! ABORT: Aborting on channel error.: file c:/builds/moz2_slave/m-rel-w32-00000000000000000000/build/src/ipc/glue/MessageChannel.cpp, line 2056
T%206.1.1.0%20(x64)/default/default/update.xml
1484747113576	addons.xpi	DEBUG	Calling bootstrap method shutdown on aushelper@mozilla.org version 1.0
1484747113577	addons.xpi	DEBUG	Calling bootstrap method shutdown on e10srollout@mozilla.org version 1.5
1484747113578	addons.xpi	DEBUG	Calling bootstrap method shutdown on firefox@getpocket.com version 1.0.5
1484747113579	addons.xpi	DEBUG	Calling bootstrap method shutdown on webcompat@mozilla.org version 1.0
[Child 6844] WARNING: pipe error: 109: file c:/builds/moz2_slave/m-rel-w32-00000000000000000000/build/src/ipc/chromium/src/chrome/common/ipc_channel_win.cc, line 346
1484747113801	addons.manager	DEBUG	shutdown
1484747113802	addons.manager	DEBUG	Calling shutdown blocker for XPIProvider
1484747113802	addons.xpi	DEBUG	shutdown
1484747113802	addons.xpi-utils	DEBUG	shutdown
1484747113803	addons.manager	DEBUG	Calling shutdown blocker for LightweightThemeManager
1484747113804	addons.manager	DEBUG	Calling shutdown blocker for GMPProvider
1484747113807	addons.manager	DEBUG	Calling shutdown blocker for PluginProvider
1484747113809	addons.manager	DEBUG	Calling shutdown blocker for <unnamed-provider>
1484747113812	addons.manager	DEBUG	Calling shutdown blocker for PreviousExperimentProvider
1484747113816	addons.xpi	DEBUG	Notifying XPI shutdown observers
1484747113822	addons.manager	DEBUG	Async provider shutdown done
